<?xml version="1.0" encoding="UTF-8"?>
<testsuite xmlns:xsi="http://www.w3.org/2001/XMLSchema-instance" xsi:noNamespaceSchemaLocation="https://maven.apache.org/surefire/maven-surefire-plugin/xsd/surefire-test-report.xsd" version="3.0.2" name="com.example.booking.BookingServiceApplicationTests" time="4.039" tests="1" errors="0" skipped="0" failures="0">
  <properties>
    <property name="java.specification.version" value="17"/>
    <property name="sun.cpu.isalist" value="amd64"/>
    <property name="sun.jnu.encoding" value="Cp1252"/>
    <property name="java.class.path" value="C:\Users\duckeN\Desktop\MapForSport\services\booking\booking-service\target\test-classes;C:\Users\duckeN\Desktop\MapForSport\services\booking\booking-service\target\classes;C:\Users\duckeN\.m2\repository\org\springframework\boot\spring-boot-starter-data-mongodb-reactive\3.4.4\spring-boot-starter-data-mongodb-reactive-3.4.4.jar;C:\Users\duckeN\.m2\repository\org\springframework\boot\spring-boot-starter\3.4.4\spring-boot-starter-3.4.4.jar;C:\Users\duckeN\.m2\repository\org\springframework\boot\spring-boot-starter-logging\3.4.4\spring-boot-starter-logging-3.4.4.jar;C:\Users\duckeN\.m2\repository\ch\qos\logback\logback-classic\1.5.18\logback-classic-1.5.18.jar;C:\Users\duckeN\.m2\repository\ch\qos\logback\logback-core\1.5.18\logback-core-1.5.18.jar;C:\Users\duckeN\.m2\repository\org\apache\logging\log4j\log4j-to-slf4j\2.24.3\log4j-to-slf4j-2.24.3.jar;C:\Users\duckeN\.m2\repository\org\apache\logging\log4j\log4j-api\2.24.3\log4j-api-2.24.3.jar;C:\Users\duckeN\.m2\repository\org\slf4j\jul-to-slf4j\2.0.17\jul-to-slf4j-2.0.17.jar;C:\Users\duckeN\.m2\repository\jakarta\annotation\jakarta.annotation-api\2.1.1\jakarta.annotation-api-2.1.1.jar;C:\Users\duckeN\.m2\repository\org\yaml\snakeyaml\2.3\snakeyaml-2.3.jar;C:\Users\duckeN\.m2\repository\io\projectreactor\reactor-core\3.7.4\reactor-core-3.7.4.jar;C:\Users\duckeN\.m2\repository\org\reactivestreams\reactive-streams\1.0.4\reactive-streams-1.0.4.jar;C:\Users\duckeN\.m2\repository\org\mongodb\mongodb-driver-reactivestreams\5.2.1\mongodb-driver-reactivestreams-5.2.1.jar;C:\Users\duckeN\.m2\repository\org\mongodb\bson\5.2.1\bson-5.2.1.jar;C:\Users\duckeN\.m2\repository\org\mongodb\mongodb-driver-core\5.2.1\mongodb-driver-core-5.2.1.jar;C:\Users\duckeN\.m2\repository\org\mongodb\bson-record-codec\5.2.1\bson-record-codec-5.2.1.jar;C:\Users\duckeN\.m2\repository\org\springframework\data\spring-data-mongodb\4.4.4\spring-data-mongodb-4.4.4.jar;C:\Users\duckeN\.m2\repository\org\springframework\spring-tx\6.2.5\spring-tx-6.2.5.jar;C:\Users\duckeN\.m2\repository\org\springframework\spring-context\6.2.5\spring-context-6.2.5.jar;C:\Users\duckeN\.m2\repository\org\springframework\spring-beans\6.2.5\spring-beans-6.2.5.jar;C:\Users\duckeN\.m2\repository\org\springframework\spring-expression\6.2.5\spring-expression-6.2.5.jar;C:\Users\duckeN\.m2\repository\org\springframework\data\spring-data-commons\3.4.4\spring-data-commons-3.4.4.jar;C:\Users\duckeN\.m2\repository\org\slf4j\slf4j-api\2.0.17\slf4j-api-2.0.17.jar;C:\Users\duckeN\.m2\repository\org\springframework\boot\spring-boot-starter-web\3.4.4\spring-boot-starter-web-3.4.4.jar;C:\Users\duckeN\.m2\repository\org\springframework\boot\spring-boot-starter-json\3.4.4\spring-boot-starter-json-3.4.4.jar;C:\Users\duckeN\.m2\repository\com\fasterxml\jackson\core\jackson-databind\2.18.3\jackson-databind-2.18.3.jar;C:\Users\duckeN\.m2\repository\com\fasterxml\jackson\core\jackson-annotations\2.18.3\jackson-annotations-2.18.3.jar;C:\Users\duckeN\.m2\repository\com\fasterxml\jackson\core\jackson-core\2.18.3\jackson-core-2.18.3.jar;C:\Users\duckeN\.m2\repository\com\fasterxml\jackson\datatype\jackson-datatype-jdk8\2.18.3\jackson-datatype-jdk8-2.18.3.jar;C:\Users\duckeN\.m2\repository\com\fasterxml\jackson\datatype\jackson-datatype-jsr310\2.18.3\jackson-datatype-jsr310-2.18.3.jar;C:\Users\duckeN\.m2\repository\com\fasterxml\jackson\module\jackson-module-parameter-names\2.18.3\jackson-module-parameter-names-2.18.3.jar;C:\Users\duckeN\.m2\repository\org\springframework\boot\spring-boot-starter-tomcat\3.4.4\spring-boot-starter-tomcat-3.4.4.jar;C:\Users\duckeN\.m2\repository\org\apache\tomcat\embed\tomcat-embed-core\10.1.39\tomcat-embed-core-10.1.39.jar;C:\Users\duckeN\.m2\repository\org\apache\tomcat\embed\tomcat-embed-el\10.1.39\tomcat-embed-el-10.1.39.jar;C:\Users\duckeN\.m2\repository\org\apache\tomcat\embed\tomcat-embed-websocket\10.1.39\tomcat-embed-websocket-10.1.39.jar;C:\Users\duckeN\.m2\repository\org\springframework\spring-web\6.2.5\spring-web-6.2.5.jar;C:\Users\duckeN\.m2\repository\io\micrometer\micrometer-observation\1.14.5\micrometer-observation-1.14.5.jar;C:\Users\duckeN\.m2\repository\io\micrometer\micrometer-commons\1.14.5\micrometer-commons-1.14.5.jar;C:\Users\duckeN\.m2\repository\org\springframework\spring-webmvc\6.2.5\spring-webmvc-6.2.5.jar;C:\Users\duckeN\.m2\repository\org\springframework\spring-aop\6.2.5\spring-aop-6.2.5.jar;C:\Users\duckeN\.m2\repository\org\springframework\boot\spring-boot-starter-webflux\3.4.4\spring-boot-starter-webflux-3.4.4.jar;C:\Users\duckeN\.m2\repository\org\springframework\boot\spring-boot-starter-reactor-netty\3.4.4\spring-boot-starter-reactor-netty-3.4.4.jar;C:\Users\duckeN\.m2\repository\io\projectreactor\netty\reactor-netty-http\1.2.4\reactor-netty-http-1.2.4.jar;C:\Users\duckeN\.m2\repository\io\netty\netty-codec-http\4.1.119.Final\netty-codec-http-4.1.119.Final.jar;C:\Users\duckeN\.m2\repository\io\netty\netty-common\4.1.119.Final\netty-common-4.1.119.Final.jar;C:\Users\duckeN\.m2\repository\io\netty\netty-buffer\4.1.119.Final\netty-buffer-4.1.119.Final.jar;C:\Users\duckeN\.m2\repository\io\netty\netty-transport\4.1.119.Final\netty-transport-4.1.119.Final.jar;C:\Users\duckeN\.m2\repository\io\netty\netty-codec\4.1.119.Final\netty-codec-4.1.119.Final.jar;C:\Users\duckeN\.m2\repository\io\netty\netty-handler\4.1.119.Final\netty-handler-4.1.119.Final.jar;C:\Users\duckeN\.m2\repository\io\netty\netty-codec-http2\4.1.119.Final\netty-codec-http2-4.1.119.Final.jar;C:\Users\duckeN\.m2\repository\io\netty\netty-resolver-dns\4.1.119.Final\netty-resolver-dns-4.1.119.Final.jar;C:\Users\duckeN\.m2\repository\io\netty\netty-resolver\4.1.119.Final\netty-resolver-4.1.119.Final.jar;C:\Users\duckeN\.m2\repository\io\netty\netty-codec-dns\4.1.119.Final\netty-codec-dns-4.1.119.Final.jar;C:\Users\duckeN\.m2\repository\io\netty\netty-resolver-dns-native-macos\4.1.119.Final\netty-resolver-dns-native-macos-4.1.119.Final-osx-x86_64.jar;C:\Users\duckeN\.m2\repository\io\netty\netty-resolver-dns-classes-macos\4.1.119.Final\netty-resolver-dns-classes-macos-4.1.119.Final.jar;C:\Users\duckeN\.m2\repository\io\netty\netty-transport-native-epoll\4.1.119.Final\netty-transport-native-epoll-4.1.119.Final-linux-x86_64.jar;C:\Users\duckeN\.m2\repository\io\netty\netty-transport-native-unix-common\4.1.119.Final\netty-transport-native-unix-common-4.1.119.Final.jar;C:\Users\duckeN\.m2\repository\io\netty\netty-transport-classes-epoll\4.1.119.Final\netty-transport-classes-epoll-4.1.119.Final.jar;C:\Users\duckeN\.m2\repository\io\projectreactor\netty\reactor-netty-core\1.2.4\reactor-netty-core-1.2.4.jar;C:\Users\duckeN\.m2\repository\io\netty\netty-handler-proxy\4.1.119.Final\netty-handler-proxy-4.1.119.Final.jar;C:\Users\duckeN\.m2\repository\io\netty\netty-codec-socks\4.1.119.Final\netty-codec-socks-4.1.119.Final.jar;C:\Users\duckeN\.m2\repository\org\springframework\spring-webflux\6.2.5\spring-webflux-6.2.5.jar;C:\Users\duckeN\.m2\repository\org\springframework\boot\spring-boot-devtools\3.4.4\spring-boot-devtools-3.4.4.jar;C:\Users\duckeN\.m2\repository\org\springframework\boot\spring-boot\3.4.4\spring-boot-3.4.4.jar;C:\Users\duckeN\.m2\repository\org\springframework\boot\spring-boot-autoconfigure\3.4.4\spring-boot-autoconfigure-3.4.4.jar;C:\Users\duckeN\.m2\repository\org\springframework\boot\spring-boot-starter-test\3.4.4\spring-boot-starter-test-3.4.4.jar;C:\Users\duckeN\.m2\repository\org\springframework\boot\spring-boot-test\3.4.4\spring-boot-test-3.4.4.jar;C:\Users\duckeN\.m2\repository\org\springframework\boot\spring-boot-test-autoconfigure\3.4.4\spring-boot-test-autoconfigure-3.4.4.jar;C:\Users\duckeN\.m2\repository\com\jayway\jsonpath\json-path\2.9.0\json-path-2.9.0.jar;C:\Users\duckeN\.m2\repository\jakarta\xml\bind\jakarta.xml.bind-api\4.0.2\jakarta.xml.bind-api-4.0.2.jar;C:\Users\duckeN\.m2\repository\jakarta\activation\jakarta.activation-api\2.1.3\jakarta.activation-api-2.1.3.jar;C:\Users\duckeN\.m2\repository\net\minidev\json-smart\2.5.2\json-smart-2.5.2.jar;C:\Users\duckeN\.m2\repository\net\minidev\accessors-smart\2.5.2\accessors-smart-2.5.2.jar;C:\Users\duckeN\.m2\repository\org\ow2\asm\asm\9.7.1\asm-9.7.1.jar;C:\Users\duckeN\.m2\repository\org\assertj\assertj-core\3.26.3\assertj-core-3.26.3.jar;C:\Users\duckeN\.m2\repository\org\awaitility\awaitility\4.2.2\awaitility-4.2.2.jar;C:\Users\duckeN\.m2\repository\org\hamcrest\hamcrest\2.2\hamcrest-2.2.jar;C:\Users\duckeN\.m2\repository\org\junit\jupiter\junit-jupiter\5.11.4\junit-jupiter-5.11.4.jar;C:\Users\duckeN\.m2\repository\org\junit\jupiter\junit-jupiter-api\5.11.4\junit-jupiter-api-5.11.4.jar;C:\Users\duckeN\.m2\repository\org\opentest4j\opentest4j\1.3.0\opentest4j-1.3.0.jar;C:\Users\duckeN\.m2\repository\org\junit\platform\junit-platform-commons\1.11.4\junit-platform-commons-1.11.4.jar;C:\Users\duckeN\.m2\repository\org\apiguardian\apiguardian-api\1.1.2\apiguardian-api-1.1.2.jar;C:\Users\duckeN\.m2\repository\org\junit\jupiter\junit-jupiter-params\5.11.4\junit-jupiter-params-5.11.4.jar;C:\Users\duckeN\.m2\repository\org\junit\jupiter\junit-jupiter-engine\5.11.4\junit-jupiter-engine-5.11.4.jar;C:\Users\duckeN\.m2\repository\org\junit\platform\junit-platform-engine\1.11.4\junit-platform-engine-1.11.4.jar;C:\Users\duckeN\.m2\repository\org\mockito\mockito-junit-jupiter\5.14.2\mockito-junit-jupiter-5.14.2.jar;C:\Users\duckeN\.m2\repository\org\skyscreamer\jsonassert\1.5.3\jsonassert-1.5.3.jar;C:\Users\duckeN\.m2\repository\com\vaadin\external\google\android-json\0.0.20131108.vaadin1\android-json-0.0.20131108.vaadin1.jar;C:\Users\duckeN\.m2\repository\org\springframework\spring-core\6.2.5\spring-core-6.2.5.jar;C:\Users\duckeN\.m2\repository\org\springframework\spring-jcl\6.2.5\spring-jcl-6.2.5.jar;C:\Users\duckeN\.m2\repository\org\springframework\spring-test\6.2.5\spring-test-6.2.5.jar;C:\Users\duckeN\.m2\repository\org\xmlunit\xmlunit-core\2.10.0\xmlunit-core-2.10.0.jar;C:\Users\duckeN\.m2\repository\io\projectreactor\reactor-test\3.7.4\reactor-test-3.7.4.jar;C:\Users\duckeN\.m2\repository\org\springframework\boot\spring-boot-starter-amqp\3.4.4\spring-boot-starter-amqp-3.4.4.jar;C:\Users\duckeN\.m2\repository\org\springframework\spring-messaging\6.2.5\spring-messaging-6.2.5.jar;C:\Users\duckeN\.m2\repository\org\springframework\amqp\spring-rabbit\3.2.4\spring-rabbit-3.2.4.jar;C:\Users\duckeN\.m2\repository\org\springframework\amqp\spring-amqp\3.2.4\spring-amqp-3.2.4.jar;C:\Users\duckeN\.m2\repository\org\springframework\retry\spring-retry\2.0.11\spring-retry-2.0.11.jar;C:\Users\duckeN\.m2\repository\com\rabbitmq\amqp-client\5.22.0\amqp-client-5.22.0.jar;C:\Users\duckeN\.m2\repository\org\springdoc\springdoc-openapi-starter-webflux-ui\2.3.0\springdoc-openapi-starter-webflux-ui-2.3.0.jar;C:\Users\duckeN\.m2\repository\org\springdoc\springdoc-openapi-starter-webflux-api\2.3.0\springdoc-openapi-starter-webflux-api-2.3.0.jar;C:\Users\duckeN\.m2\repository\org\springdoc\springdoc-openapi-starter-common\2.3.0\springdoc-openapi-starter-common-2.3.0.jar;C:\Users\duckeN\.m2\repository\io\swagger\core\v3\swagger-core-jakarta\2.2.19\swagger-core-jakarta-2.2.19.jar;C:\Users\duckeN\.m2\repository\org\apache\commons\commons-lang3\3.17.0\commons-lang3-3.17.0.jar;C:\Users\duckeN\.m2\repository\io\swagger\core\v3\swagger-annotations-jakarta\2.2.19\swagger-annotations-jakarta-2.2.19.jar;C:\Users\duckeN\.m2\repository\io\swagger\core\v3\swagger-models-jakarta\2.2.19\swagger-models-jakarta-2.2.19.jar;C:\Users\duckeN\.m2\repository\jakarta\validation\jakarta.validation-api\3.0.2\jakarta.validation-api-3.0.2.jar;C:\Users\duckeN\.m2\repository\com\fasterxml\jackson\dataformat\jackson-dataformat-yaml\2.18.3\jackson-dataformat-yaml-2.18.3.jar;C:\Users\duckeN\.m2\repository\org\webjars\swagger-ui\5.10.3\swagger-ui-5.10.3.jar;C:\Users\duckeN\.m2\repository\org\mockito\mockito-core\4.0.0\mockito-core-4.0.0.jar;C:\Users\duckeN\.m2\repository\net\bytebuddy\byte-buddy\1.15.11\byte-buddy-1.15.11.jar;C:\Users\duckeN\.m2\repository\net\bytebuddy\byte-buddy-agent\1.15.11\byte-buddy-agent-1.15.11.jar;C:\Users\duckeN\.m2\repository\org\objenesis\objenesis\3.2\objenesis-3.2.jar;"/>
    <property name="java.vm.vendor" value="Oracle Corporation"/>
    <property name="sun.arch.data.model" value="64"/>
    <property name="user.variant" value=""/>
    <property name="java.vendor.url" value="https://java.oracle.com/"/>
    <property name="user.timezone" value="Europe/Warsaw"/>
    <property name="user.country.format" value="SI"/>
    <property name="os.name" value="Windows 10"/>
    <property name="java.vm.specification.version" value="17"/>
    <property name="APPLICATION_NAME" value="booking-service"/>
    <property name="sun.java.launcher" value="SUN_STANDARD"/>
    <property name="user.country" value="US"/>
    <property name="sun.boot.library.path" value="C:\Program Files\Java\jdk-17\bin"/>
    <property name="sun.java.command" value="C:\Users\duckeN\AppData\Local\Temp\surefire1822592594161240558\surefirebooter-20250411224006226_3.jar C:\Users\duckeN\AppData\Local\Temp\surefire1822592594161240558 2025-04-11T22-40-06_064-jvmRun1 surefire-20250411224006226_1tmp surefire_0-20250411224006226_2tmp"/>
    <property name="jdk.debug" value="release"/>
    <property name="surefire.test.class.path" value="C:\Users\duckeN\Desktop\MapForSport\services\booking\booking-service\target\test-classes;C:\Users\duckeN\Desktop\MapForSport\services\booking\booking-service\target\classes;C:\Users\duckeN\.m2\repository\org\springframework\boot\spring-boot-starter-data-mongodb-reactive\3.4.4\spring-boot-starter-data-mongodb-reactive-3.4.4.jar;C:\Users\duckeN\.m2\repository\org\springframework\boot\spring-boot-starter\3.4.4\spring-boot-starter-3.4.4.jar;C:\Users\duckeN\.m2\repository\org\springframework\boot\spring-boot-starter-logging\3.4.4\spring-boot-starter-logging-3.4.4.jar;C:\Users\duckeN\.m2\repository\ch\qos\logback\logback-classic\1.5.18\logback-classic-1.5.18.jar;C:\Users\duckeN\.m2\repository\ch\qos\logback\logback-core\1.5.18\logback-core-1.5.18.jar;C:\Users\duckeN\.m2\repository\org\apache\logging\log4j\log4j-to-slf4j\2.24.3\log4j-to-slf4j-2.24.3.jar;C:\Users\duckeN\.m2\repository\org\apache\logging\log4j\log4j-api\2.24.3\log4j-api-2.24.3.jar;C:\Users\duckeN\.m2\repository\org\slf4j\jul-to-slf4j\2.0.17\jul-to-slf4j-2.0.17.jar;C:\Users\duckeN\.m2\repository\jakarta\annotation\jakarta.annotation-api\2.1.1\jakarta.annotation-api-2.1.1.jar;C:\Users\duckeN\.m2\repository\org\yaml\snakeyaml\2.3\snakeyaml-2.3.jar;C:\Users\duckeN\.m2\repository\io\projectreactor\reactor-core\3.7.4\reactor-core-3.7.4.jar;C:\Users\duckeN\.m2\repository\org\reactivestreams\reactive-streams\1.0.4\reactive-streams-1.0.4.jar;C:\Users\duckeN\.m2\repository\org\mongodb\mongodb-driver-reactivestreams\5.2.1\mongodb-driver-reactivestreams-5.2.1.jar;C:\Users\duckeN\.m2\repository\org\mongodb\bson\5.2.1\bson-5.2.1.jar;C:\Users\duckeN\.m2\repository\org\mongodb\mongodb-driver-core\5.2.1\mongodb-driver-core-5.2.1.jar;C:\Users\duckeN\.m2\repository\org\mongodb\bson-record-codec\5.2.1\bson-record-codec-5.2.1.jar;C:\Users\duckeN\.m2\repository\org\springframework\data\spring-data-mongodb\4.4.4\spring-data-mongodb-4.4.4.jar;C:\Users\duckeN\.m2\repository\org\springframework\spring-tx\6.2.5\spring-tx-6.2.5.jar;C:\Users\duckeN\.m2\repository\org\springframework\spring-context\6.2.5\spring-context-6.2.5.jar;C:\Users\duckeN\.m2\repository\org\springframework\spring-beans\6.2.5\spring-beans-6.2.5.jar;C:\Users\duckeN\.m2\repository\org\springframework\spring-expression\6.2.5\spring-expression-6.2.5.jar;C:\Users\duckeN\.m2\repository\org\springframework\data\spring-data-commons\3.4.4\spring-data-commons-3.4.4.jar;C:\Users\duckeN\.m2\repository\org\slf4j\slf4j-api\2.0.17\slf4j-api-2.0.17.jar;C:\Users\duckeN\.m2\repository\org\springframework\boot\spring-boot-starter-web\3.4.4\spring-boot-starter-web-3.4.4.jar;C:\Users\duckeN\.m2\repository\org\springframework\boot\spring-boot-starter-json\3.4.4\spring-boot-starter-json-3.4.4.jar;C:\Users\duckeN\.m2\repository\com\fasterxml\jackson\core\jackson-databind\2.18.3\jackson-databind-2.18.3.jar;C:\Users\duckeN\.m2\repository\com\fasterxml\jackson\core\jackson-annotations\2.18.3\jackson-annotations-2.18.3.jar;C:\Users\duckeN\.m2\repository\com\fasterxml\jackson\core\jackson-core\2.18.3\jackson-core-2.18.3.jar;C:\Users\duckeN\.m2\repository\com\fasterxml\jackson\datatype\jackson-datatype-jdk8\2.18.3\jackson-datatype-jdk8-2.18.3.jar;C:\Users\duckeN\.m2\repository\com\fasterxml\jackson\datatype\jackson-datatype-jsr310\2.18.3\jackson-datatype-jsr310-2.18.3.jar;C:\Users\duckeN\.m2\repository\com\fasterxml\jackson\module\jackson-module-parameter-names\2.18.3\jackson-module-parameter-names-2.18.3.jar;C:\Users\duckeN\.m2\repository\org\springframework\boot\spring-boot-starter-tomcat\3.4.4\spring-boot-starter-tomcat-3.4.4.jar;C:\Users\duckeN\.m2\repository\org\apache\tomcat\embed\tomcat-embed-core\10.1.39\tomcat-embed-core-10.1.39.jar;C:\Users\duckeN\.m2\repository\org\apache\tomcat\embed\tomcat-embed-el\10.1.39\tomcat-embed-el-10.1.39.jar;C:\Users\duckeN\.m2\repository\org\apache\tomcat\embed\tomcat-embed-websocket\10.1.39\tomcat-embed-websocket-10.1.39.jar;C:\Users\duckeN\.m2\repository\org\springframework\spring-web\6.2.5\spring-web-6.2.5.jar;C:\Users\duckeN\.m2\repository\io\micrometer\micrometer-observation\1.14.5\micrometer-observation-1.14.5.jar;C:\Users\duckeN\.m2\repository\io\micrometer\micrometer-commons\1.14.5\micrometer-commons-1.14.5.jar;C:\Users\duckeN\.m2\repository\org\springframework\spring-webmvc\6.2.5\spring-webmvc-6.2.5.jar;C:\Users\duckeN\.m2\repository\org\springframework\spring-aop\6.2.5\spring-aop-6.2.5.jar;C:\Users\duckeN\.m2\repository\org\springframework\boot\spring-boot-starter-webflux\3.4.4\spring-boot-starter-webflux-3.4.4.jar;C:\Users\duckeN\.m2\repository\org\springframework\boot\spring-boot-starter-reactor-netty\3.4.4\spring-boot-starter-reactor-netty-3.4.4.jar;C:\Users\duckeN\.m2\repository\io\projectreactor\netty\reactor-netty-http\1.2.4\reactor-netty-http-1.2.4.jar;C:\Users\duckeN\.m2\repository\io\netty\netty-codec-http\4.1.119.Final\netty-codec-http-4.1.119.Final.jar;C:\Users\duckeN\.m2\repository\io\netty\netty-common\4.1.119.Final\netty-common-4.1.119.Final.jar;C:\Users\duckeN\.m2\repository\io\netty\netty-buffer\4.1.119.Final\netty-buffer-4.1.119.Final.jar;C:\Users\duckeN\.m2\repository\io\netty\netty-transport\4.1.119.Final\netty-transport-4.1.119.Final.jar;C:\Users\duckeN\.m2\repository\io\netty\netty-codec\4.1.119.Final\netty-codec-4.1.119.Final.jar;C:\Users\duckeN\.m2\repository\io\netty\netty-handler\4.1.119.Final\netty-handler-4.1.119.Final.jar;C:\Users\duckeN\.m2\repository\io\netty\netty-codec-http2\4.1.119.Final\netty-codec-http2-4.1.119.Final.jar;C:\Users\duckeN\.m2\repository\io\netty\netty-resolver-dns\4.1.119.Final\netty-resolver-dns-4.1.119.Final.jar;C:\Users\duckeN\.m2\repository\io\netty\netty-resolver\4.1.119.Final\netty-resolver-4.1.119.Final.jar;C:\Users\duckeN\.m2\repository\io\netty\netty-codec-dns\4.1.119.Final\netty-codec-dns-4.1.119.Final.jar;C:\Users\duckeN\.m2\repository\io\netty\netty-resolver-dns-native-macos\4.1.119.Final\netty-resolver-dns-native-macos-4.1.119.Final-osx-x86_64.jar;C:\Users\duckeN\.m2\repository\io\netty\netty-resolver-dns-classes-macos\4.1.119.Final\netty-resolver-dns-classes-macos-4.1.119.Final.jar;C:\Users\duckeN\.m2\repository\io\netty\netty-transport-native-epoll\4.1.119.Final\netty-transport-native-epoll-4.1.119.Final-linux-x86_64.jar;C:\Users\duckeN\.m2\repository\io\netty\netty-transport-native-unix-common\4.1.119.Final\netty-transport-native-unix-common-4.1.119.Final.jar;C:\Users\duckeN\.m2\repository\io\netty\netty-transport-classes-epoll\4.1.119.Final\netty-transport-classes-epoll-4.1.119.Final.jar;C:\Users\duckeN\.m2\repository\io\projectreactor\netty\reactor-netty-core\1.2.4\reactor-netty-core-1.2.4.jar;C:\Users\duckeN\.m2\repository\io\netty\netty-handler-proxy\4.1.119.Final\netty-handler-proxy-4.1.119.Final.jar;C:\Users\duckeN\.m2\repository\io\netty\netty-codec-socks\4.1.119.Final\netty-codec-socks-4.1.119.Final.jar;C:\Users\duckeN\.m2\repository\org\springframework\spring-webflux\6.2.5\spring-webflux-6.2.5.jar;C:\Users\duckeN\.m2\repository\org\springframework\boot\spring-boot-devtools\3.4.4\spring-boot-devtools-3.4.4.jar;C:\Users\duckeN\.m2\repository\org\springframework\boot\spring-boot\3.4.4\spring-boot-3.4.4.jar;C:\Users\duckeN\.m2\repository\org\springframework\boot\spring-boot-autoconfigure\3.4.4\spring-boot-autoconfigure-3.4.4.jar;C:\Users\duckeN\.m2\repository\org\springframework\boot\spring-boot-starter-test\3.4.4\spring-boot-starter-test-3.4.4.jar;C:\Users\duckeN\.m2\repository\org\springframework\boot\spring-boot-test\3.4.4\spring-boot-test-3.4.4.jar;C:\Users\duckeN\.m2\repository\org\springframework\boot\spring-boot-test-autoconfigure\3.4.4\spring-boot-test-autoconfigure-3.4.4.jar;C:\Users\duckeN\.m2\repository\com\jayway\jsonpath\json-path\2.9.0\json-path-2.9.0.jar;C:\Users\duckeN\.m2\repository\jakarta\xml\bind\jakarta.xml.bind-api\4.0.2\jakarta.xml.bind-api-4.0.2.jar;C:\Users\duckeN\.m2\repository\jakarta\activation\jakarta.activation-api\2.1.3\jakarta.activation-api-2.1.3.jar;C:\Users\duckeN\.m2\repository\net\minidev\json-smart\2.5.2\json-smart-2.5.2.jar;C:\Users\duckeN\.m2\repository\net\minidev\accessors-smart\2.5.2\accessors-smart-2.5.2.jar;C:\Users\duckeN\.m2\repository\org\ow2\asm\asm\9.7.1\asm-9.7.1.jar;C:\Users\duckeN\.m2\repository\org\assertj\assertj-core\3.26.3\assertj-core-3.26.3.jar;C:\Users\duckeN\.m2\repository\org\awaitility\awaitility\4.2.2\awaitility-4.2.2.jar;C:\Users\duckeN\.m2\repository\org\hamcrest\hamcrest\2.2\hamcrest-2.2.jar;C:\Users\duckeN\.m2\repository\org\junit\jupiter\junit-jupiter\5.11.4\junit-jupiter-5.11.4.jar;C:\Users\duckeN\.m2\repository\org\junit\jupiter\junit-jupiter-api\5.11.4\junit-jupiter-api-5.11.4.jar;C:\Users\duckeN\.m2\repository\org\opentest4j\opentest4j\1.3.0\opentest4j-1.3.0.jar;C:\Users\duckeN\.m2\repository\org\junit\platform\junit-platform-commons\1.11.4\junit-platform-commons-1.11.4.jar;C:\Users\duckeN\.m2\repository\org\apiguardian\apiguardian-api\1.1.2\apiguardian-api-1.1.2.jar;C:\Users\duckeN\.m2\repository\org\junit\jupiter\junit-jupiter-params\5.11.4\junit-jupiter-params-5.11.4.jar;C:\Users\duckeN\.m2\repository\org\junit\jupiter\junit-jupiter-engine\5.11.4\junit-jupiter-engine-5.11.4.jar;C:\Users\duckeN\.m2\repository\org\junit\platform\junit-platform-engine\1.11.4\junit-platform-engine-1.11.4.jar;C:\Users\duckeN\.m2\repository\org\mockito\mockito-junit-jupiter\5.14.2\mockito-junit-jupiter-5.14.2.jar;C:\Users\duckeN\.m2\repository\org\skyscreamer\jsonassert\1.5.3\jsonassert-1.5.3.jar;C:\Users\duckeN\.m2\repository\com\vaadin\external\google\android-json\0.0.20131108.vaadin1\android-json-0.0.20131108.vaadin1.jar;C:\Users\duckeN\.m2\repository\org\springframework\spring-core\6.2.5\spring-core-6.2.5.jar;C:\Users\duckeN\.m2\repository\org\springframework\spring-jcl\6.2.5\spring-jcl-6.2.5.jar;C:\Users\duckeN\.m2\repository\org\springframework\spring-test\6.2.5\spring-test-6.2.5.jar;C:\Users\duckeN\.m2\repository\org\xmlunit\xmlunit-core\2.10.0\xmlunit-core-2.10.0.jar;C:\Users\duckeN\.m2\repository\io\projectreactor\reactor-test\3.7.4\reactor-test-3.7.4.jar;C:\Users\duckeN\.m2\repository\org\springframework\boot\spring-boot-starter-amqp\3.4.4\spring-boot-starter-amqp-3.4.4.jar;C:\Users\duckeN\.m2\repository\org\springframework\spring-messaging\6.2.5\spring-messaging-6.2.5.jar;C:\Users\duckeN\.m2\repository\org\springframework\amqp\spring-rabbit\3.2.4\spring-rabbit-3.2.4.jar;C:\Users\duckeN\.m2\repository\org\springframework\amqp\spring-amqp\3.2.4\spring-amqp-3.2.4.jar;C:\Users\duckeN\.m2\repository\org\springframework\retry\spring-retry\2.0.11\spring-retry-2.0.11.jar;C:\Users\duckeN\.m2\repository\com\rabbitmq\amqp-client\5.22.0\amqp-client-5.22.0.jar;C:\Users\duckeN\.m2\repository\org\springdoc\springdoc-openapi-starter-webflux-ui\2.3.0\springdoc-openapi-starter-webflux-ui-2.3.0.jar;C:\Users\duckeN\.m2\repository\org\springdoc\springdoc-openapi-starter-webflux-api\2.3.0\springdoc-openapi-starter-webflux-api-2.3.0.jar;C:\Users\duckeN\.m2\repository\org\springdoc\springdoc-openapi-starter-common\2.3.0\springdoc-openapi-starter-common-2.3.0.jar;C:\Users\duckeN\.m2\repository\io\swagger\core\v3\swagger-core-jakarta\2.2.19\swagger-core-jakarta-2.2.19.jar;C:\Users\duckeN\.m2\repository\org\apache\commons\commons-lang3\3.17.0\commons-lang3-3.17.0.jar;C:\Users\duckeN\.m2\repository\io\swagger\core\v3\swagger-annotations-jakarta\2.2.19\swagger-annotations-jakarta-2.2.19.jar;C:\Users\duckeN\.m2\repository\io\swagger\core\v3\swagger-models-jakarta\2.2.19\swagger-models-jakarta-2.2.19.jar;C:\Users\duckeN\.m2\repository\jakarta\validation\jakarta.validation-api\3.0.2\jakarta.validation-api-3.0.2.jar;C:\Users\duckeN\.m2\repository\com\fasterxml\jackson\dataformat\jackson-dataformat-yaml\2.18.3\jackson-dataformat-yaml-2.18.3.jar;C:\Users\duckeN\.m2\repository\org\webjars\swagger-ui\5.10.3\swagger-ui-5.10.3.jar;C:\Users\duckeN\.m2\repository\org\mockito\mockito-core\4.0.0\mockito-core-4.0.0.jar;C:\Users\duckeN\.m2\repository\net\bytebuddy\byte-buddy\1.15.11\byte-buddy-1.15.11.jar;C:\Users\duckeN\.m2\repository\net\bytebuddy\byte-buddy-agent\1.15.11\byte-buddy-agent-1.15.11.jar;C:\Users\duckeN\.m2\repository\org\objenesis\objenesis\3.2\objenesis-3.2.jar;"/>
    <property name="sun.cpu.endian" value="little"/>
    <property name="user.home" value="C:\Users\duckeN"/>
    <property name="user.language" value="en"/>
    <property name="java.specification.vendor" value="Oracle Corporation"/>
    <property name="java.version.date" value="2024-07-16"/>
    <property name="java.home" value="C:\Program Files\Java\jdk-17"/>
    <property name="file.separator" value="\"/>
    <property name="basedir" value="C:\Users\duckeN\Desktop\MapForSport\services\booking\booking-service"/>
    <property name="java.vm.compressedOopsMode" value="Zero based"/>
    <property name="line.separator" value="&#10;"/>
    <property name="java.vm.specification.vendor" value="Oracle Corporation"/>
    <property name="java.specification.name" value="Java Platform API Specification"/>
    <property name="FILE_LOG_CHARSET" value="windows-1252"/>
    <property name="java.awt.headless" value="true"/>
    <property name="surefire.real.class.path" value="C:\Users\duckeN\AppData\Local\Temp\surefire1822592594161240558\surefirebooter-20250411224006226_3.jar"/>
    <property name="user.script" value=""/>
    <property name="sun.management.compiler" value="HotSpot 64-Bit Tiered Compilers"/>
    <property name="java.runtime.version" value="17.0.12+8-LTS-286"/>
    <property name="user.name" value="duckeN"/>
    <property name="path.separator" value=";"/>
    <property name="os.version" value="10.0"/>
    <property name="java.runtime.name" value="Java(TM) SE Runtime Environment"/>
    <property name="file.encoding" value="Cp1252"/>
    <property name="java.vm.name" value="Java HotSpot(TM) 64-Bit Server VM"/>
    <property name="localRepository" value="C:\Users\duckeN\.m2\repository"/>
    <property name="java.vendor.url.bug" value="https://bugreport.java.com/bugreport/"/>
    <property name="java.io.tmpdir" value="C:\Users\duckeN\AppData\Local\Temp\"/>
    <property name="java.version" value="17.0.12"/>
    <property name="user.dir" value="C:\Users\duckeN\Desktop\MapForSport\services\booking\booking-service"/>
    <property name="os.arch" value="amd64"/>
    <property name="java.vm.specification.name" value="Java Virtual Machine Specification"/>
    <property name="PID" value="24876"/>
    <property name="user.language.format" value="sl"/>
    <property name="sun.os.patch.level" value=""/>
    <property name="CONSOLE_LOG_CHARSET" value="windows-1252"/>
    <property name="native.encoding" value="Cp1252"/>
    <property name="java.library.path" value="C:\Program Files\Java\jdk-17\bin;C:\Windows\Sun\Java\bin;C:\Windows\system32;C:\Windows;C:\Program Files\Common Files\Oracle\Java\javapath;C:\Program Files (x86)\Common Files\Oracle\Java\javapath;C:\Python312\Scripts\;C:\Python312\;C:\Users\duckeN\AppData\Local\Programs\Python\Python37\Scripts;C:\Program Files (x86)\Razer Chroma SDK\bin;C:\Program Files\Razer Chroma SDK\bin;C:\Program Files (x86)\Razer\ChromaBroadcast\bin;C:\Program Files\Razer\ChromaBroadcast\bin;C:\Windows\system32;C:\Windows;C:\Windows\System32\Wbem;C:\Windows\System32\WindowsPowerShell\v1.0\;C:\Windows\System32\OpenSSH\;C:\Program Files (x86)\NVIDIA Corporation\PhysX\Common;C:\Windows\system32\config\systemprofile\AppData\Local\Microsoft\WindowsApps;C:\Users\duckeN\AppData\Local\Microsoft\WindowsApps;C:\Program Files\Microsoft SQL Server\150\Tools\Binn\;C:\Program Files\dotnet\;D:\CMake\bin;C:\ProgramData\chocolatey\bin;C:\Program Files\Git\cmd;D:\GnuWin32\bin;C:\Users\duckeN\AppData\Local\JetBrains\Toolbox\scripts;C:\Program Files\nodejs\;C:\Program Files\Microsoft SQL Server\Client SDK\ODBC\170\Tools\Binn\;C:\Program Files\NVIDIA Corporation\NVIDIA app\NvDLISR;C:\Maven\bin;C:\xampp\php;C:\ProgramData\ComposerSetup\bin;C:\Maven\apache-maven-3.9.9\bin;C:\Program Files\Java\jdk-17\bin;;C:\Program Files\Docker\Docker\resources\bin;C:\Program Files\MySQL\MySQL Shell 8.0\bin\;C:\Users\duckeN\AppData\Local\Programs\Python\Python37\Scripts;C:\Users\duckeN\AppData\Local\Microsoft\WindowsApps;C:\Users\duckeN\AppData\Local\Programs\Microsoft VS Code\bin;C:\Users\duckeN\.dotnet\tools;C:\Users\duckeN\AppData\Local\GitHubDesktop\bin;C:\MinGW\bin;D:\GnuWin32\bin;C:\Users\duckeN\AppData\Local\JetBrains\Toolbox\scripts;C:\Users\duckeN\AppData\Local\JetBrains\Toolbox\scripts;C:\Users\duckeN\AppData\Roaming\npm;C:\Users\duckeN\.dotnet\tools;C:\Users\duckeN\AppData\Roaming\Composer\vendor\bin;c:\Users\duckeN\.vscode\extensions\ms-python.debugpy-2025.6.0-win32-x64\bundled\scripts\noConfigScripts;c:\Users\duckeN\AppData\Roaming\Code\User\globalStorage\github.copilot-chat\debugCommand;."/>
    <property name="java.vm.info" value="mixed mode, sharing"/>
    <property name="java.vendor" value="Oracle Corporation"/>
    <property name="java.vm.version" value="17.0.12+8-LTS-286"/>
    <property name="sun.io.unicode.encoding" value="UnicodeLittle"/>
    <property name="java.class.version" value="61.0"/>
    <property name="LOGGED_APPLICATION_NAME" value="[booking-service] "/>
  </properties>
  <testcase name="contextLoads" classname="com.example.booking.BookingServiceApplicationTests" time="0.412">
    <system-out><![CDATA[22:40:06.987 [main] INFO org.springframework.test.context.support.AnnotationConfigContextLoaderUtils -- Could not detect default configuration classes for test class [com.example.booking.BookingServiceApplicationTests]: BookingServiceApplicationTests does not declare any static, non-private, non-final, nested classes annotated with @Configuration.
22:40:07.128 [main] INFO org.springframework.boot.test.context.SpringBootTestContextBootstrapper -- Found @SpringBootConfiguration com.example.booking.BookingApplication for test class com.example.booking.BookingServiceApplicationTests
22:40:07.324 [main] INFO org.springframework.boot.devtools.restart.RestartApplicationListener -- Restart disabled due to context in which it is running

  .   ____          _            __ _ _
 /\\ / ___'_ __ _ _(_)_ __  __ _ \ \ \ \
( ( )\___ | '_ | '_| | '_ \/ _` | \ \ \ \
 \\/  ___)| |_)| | | | | || (_| |  ) ) ) )
  '  |____| .__|_| |_|_| |_\__, | / / / /
 =========|_|==============|___/=/_/_/_/

 :: Spring Boot ::                (v3.4.4)

2025-04-11T22:40:07.594+02:00  INFO 24876 --- [booking-service] [           main] c.e.b.BookingServiceApplicationTests     : Starting BookingServiceApplicationTests using Java 17.0.12 with PID 24876 (started by duckeN in C:\Users\duckeN\Desktop\MapForSport\services\booking\booking-service)
2025-04-11T22:40:07.596+02:00  INFO 24876 --- [booking-service] [           main] c.e.b.BookingServiceApplicationTests     : No active profile set, falling back to 1 default profile: "default"
2025-04-11T22:40:08.336+02:00  INFO 24876 --- [booking-service] [           main] .s.d.r.c.RepositoryConfigurationDelegate : Bootstrapping Spring Data Reactive MongoDB repositories in DEFAULT mode.
2025-04-11T22:40:08.481+02:00  INFO 24876 --- [booking-service] [           main] .s.d.r.c.RepositoryConfigurationDelegate : Finished Spring Data repository scanning in 138 ms. Found 1 Reactive MongoDB repository interface.
2025-04-11T22:40:09.311+02:00  INFO 24876 --- [booking-service] [ug6.mongodb.net] org.mongodb.driver.cluster               : Adding discovered server ac-uzooj7l-shard-00-01.aysoug6.mongodb.net:27017 to client view of cluster
2025-04-11T22:40:09.344+02:00  INFO 24876 --- [booking-service] [           main] org.mongodb.driver.client                : MongoClient with metadata {"driver": {"name": "mongo-java-driver|reactive-streams|spring-boot", "version": "5.2.1"}, "os": {"type": "Windows", "name": "Windows 10", "architecture": "amd64", "version": "10.0"}, "platform": "Java/Oracle Corporation/17.0.12+8-LTS-286"} created with settings MongoClientSettings{readPreference=primary, writeConcern=WriteConcern{w=majority, wTimeout=null ms, journal=null}, retryWrites=true, retryReads=true, readConcern=ReadConcern{level=null}, credential=MongoCredential{mechanism=null, userName='dukenotest', source='admin', password=<hidden>, mechanismProperties=<hidden>}, transportSettings=NettyTransportSettings{eventLoopGroup=io.netty.channel.nio.NioEventLoopGroup@782fd504, socketChannelClass=null, allocator=null, sslContext=null}, commandListeners=[], codecRegistry=ProvidersCodecRegistry{codecProviders=[ValueCodecProvider{}, BsonValueCodecProvider{}, DBRefCodecProvider{}, DBObjectCodecProvider{}, DocumentCodecProvider{}, CollectionCodecProvider{}, IterableCodecProvider{}, MapCodecProvider{}, GeoJsonCodecProvider{}, GridFSFileCodecProvider{}, Jsr310CodecProvider{}, JsonObjectCodecProvider{}, BsonCodecProvider{}, EnumCodecProvider{}, com.mongodb.client.model.mql.ExpressionCodecProvider@1537c744, com.mongodb.Jep395RecordCodecProvider@37314843, com.mongodb.KotlinCodecProvider@50122012]}, loggerSettings=LoggerSettings{maxDocumentLength=1000}, clusterSettings={hosts=[127.0.0.1:27017], srvHost=booking.aysoug6.mongodb.net, srvServiceName=mongodb, mode=MULTIPLE, requiredClusterType=REPLICA_SET, requiredReplicaSetName='atlas-uspqxe-shard-0', serverSelector='null', clusterListeners='[]', serverSelectionTimeout='30000 ms', localThreshold='15 ms'}, socketSettings=SocketSettings{connectTimeoutMS=10000, readTimeoutMS=0, receiveBufferSize=0, proxySettings=ProxySettings{host=null, port=null, username=null, password=null}}, heartbeatSocketSettings=SocketSettings{connectTimeoutMS=10000, readTimeoutMS=10000, receiveBufferSize=0, proxySettings=ProxySettings{host=null, port=null, username=null, password=null}}, connectionPoolSettings=ConnectionPoolSettings{maxSize=100, minSize=0, maxWaitTimeMS=120000, maxConnectionLifeTimeMS=0, maxConnectionIdleTimeMS=0, maintenanceInitialDelayMS=0, maintenanceFrequencyMS=60000, connectionPoolListeners=[], maxConnecting=2}, serverSettings=ServerSettings{heartbeatFrequencyMS=10000, minHeartbeatFrequencyMS=500, serverMonitoringMode=AUTO, serverListeners='[]', serverMonitorListeners='[]'}, sslSettings=SslSettings{enabled=true, invalidHostNameAllowed=false, context=null}, applicationName='null', compressorList=[], uuidRepresentation=JAVA_LEGACY, serverApi=null, autoEncryptionSettings=null, dnsClient=null, inetAddressResolver=null, contextProvider=null, timeoutMS=null}
2025-04-11T22:40:09.352+02:00  INFO 24876 --- [booking-service] [ug6.mongodb.net] org.mongodb.driver.cluster               : Adding discovered server ac-uzooj7l-shard-00-00.aysoug6.mongodb.net:27017 to client view of cluster
2025-04-11T22:40:09.355+02:00  INFO 24876 --- [booking-service] [ug6.mongodb.net] org.mongodb.driver.cluster               : Adding discovered server ac-uzooj7l-shard-00-02.aysoug6.mongodb.net:27017 to client view of cluster
2025-04-11T22:40:09.702+02:00  INFO 24876 --- [booking-service] [           main] c.example.booking.config.RabbitConfig    : Declaring RabbitMQ queue: myQueue
2025-04-11T22:40:09.704+02:00  INFO 24876 --- [booking-service] [           main] c.example.booking.config.RabbitConfig    : Declaring RabbitMQ exchange: myExchange
2025-04-11T22:40:09.705+02:00  INFO 24876 --- [booking-service] [           main] c.example.booking.config.RabbitConfig    : Binding queue myQueue to exchange myExchange with routing key myRoutingKey
2025-04-11T22:40:09.830+02:00  INFO 24876 --- [booking-service] [ngodb.net:27017] org.mongodb.driver.cluster               : Monitor thread successfully connected to server with description ServerDescription{address=ac-uzooj7l-shard-00-02.aysoug6.mongodb.net:27017, type=REPLICA_SET_PRIMARY, cryptd=false, state=CONNECTED, ok=true, minWireVersion=0, maxWireVersion=25, maxDocumentSize=16777216, logicalSessionTimeoutMinutes=30, roundTripTimeNanos=275753000, minRoundTripTimeNanos=0, setName='atlas-uspqxe-shard-0', canonicalAddress=ac-uzooj7l-shard-00-02.aysoug6.mongodb.net:27017, hosts=[ac-uzooj7l-shard-00-00.aysoug6.mongodb.net:27017, ac-uzooj7l-shard-00-01.aysoug6.mongodb.net:27017, ac-uzooj7l-shard-00-02.aysoug6.mongodb.net:27017], passives=[], arbiters=[], primary='ac-uzooj7l-shard-00-02.aysoug6.mongodb.net:27017', tagSet=TagSet{[Tag{name='availabilityZone', value='euc1-az1'}, Tag{name='diskState', value='READY'}, Tag{name='nodeType', value='ELECTABLE'}, Tag{name='provider', value='AWS'}, Tag{name='region', value='EU_CENTRAL_1'}, Tag{name='workloadType', value='OPERATIONAL'}]}, electionId=7fffffff0000000000000330, setVersion=291, topologyVersion=TopologyVersion{processId=67f6e381f7014651ad33f5c9, counter=6}, lastWriteDate=Fri Apr 11 22:40:09 CEST 2025, lastUpdateTimeNanos=8366560568800}
2025-04-11T22:40:09.831+02:00  INFO 24876 --- [booking-service] [ngodb.net:27017] org.mongodb.driver.cluster               : Monitor thread successfully connected to server with description ServerDescription{address=ac-uzooj7l-shard-00-01.aysoug6.mongodb.net:27017, type=REPLICA_SET_SECONDARY, cryptd=false, state=CONNECTED, ok=true, minWireVersion=0, maxWireVersion=25, maxDocumentSize=16777216, logicalSessionTimeoutMinutes=30, roundTripTimeNanos=275725300, minRoundTripTimeNanos=0, setName='atlas-uspqxe-shard-0', canonicalAddress=ac-uzooj7l-shard-00-01.aysoug6.mongodb.net:27017, hosts=[ac-uzooj7l-shard-00-00.aysoug6.mongodb.net:27017, ac-uzooj7l-shard-00-01.aysoug6.mongodb.net:27017, ac-uzooj7l-shard-00-02.aysoug6.mongodb.net:27017], passives=[], arbiters=[], primary='ac-uzooj7l-shard-00-02.aysoug6.mongodb.net:27017', tagSet=TagSet{[Tag{name='availabilityZone', value='euc1-az3'}, Tag{name='diskState', value='READY'}, Tag{name='nodeType', value='ELECTABLE'}, Tag{name='provider', value='AWS'}, Tag{name='region', value='EU_CENTRAL_1'}, Tag{name='workloadType', value='OPERATIONAL'}]}, electionId=null, setVersion=291, topologyVersion=TopologyVersion{processId=67f6e5e1a7d37d2d1c04dceb, counter=3}, lastWriteDate=Fri Apr 11 22:40:09 GMT+02:00 2025, lastUpdateTimeNanos=8366560568900}
2025-04-11T22:40:09.831+02:00  INFO 24876 --- [booking-service] [ngodb.net:27017] org.mongodb.driver.cluster               : Monitor thread successfully connected to server with description ServerDescription{address=ac-uzooj7l-shard-00-00.aysoug6.mongodb.net:27017, type=REPLICA_SET_SECONDARY, cryptd=false, state=CONNECTED, ok=true, minWireVersion=0, maxWireVersion=25, maxDocumentSize=16777216, logicalSessionTimeoutMinutes=30, roundTripTimeNanos=275748400, minRoundTripTimeNanos=0, setName='atlas-uspqxe-shard-0', canonicalAddress=ac-uzooj7l-shard-00-00.aysoug6.mongodb.net:27017, hosts=[ac-uzooj7l-shard-00-00.aysoug6.mongodb.net:27017, ac-uzooj7l-shard-00-01.aysoug6.mongodb.net:27017, ac-uzooj7l-shard-00-02.aysoug6.mongodb.net:27017], passives=[], arbiters=[], primary='ac-uzooj7l-shard-00-02.aysoug6.mongodb.net:27017', tagSet=TagSet{[Tag{name='availabilityZone', value='euc1-az2'}, Tag{name='diskState', value='READY'}, Tag{name='nodeType', value='ELECTABLE'}, Tag{name='provider', value='AWS'}, Tag{name='region', value='EU_CENTRAL_1'}, Tag{name='workloadType', value='OPERATIONAL'}]}, electionId=null, setVersion=291, topologyVersion=TopologyVersion{processId=67f6e4797647f6f5e262f331, counter=4}, lastWriteDate=Fri Apr 11 22:40:09 GMT+02:00 2025, lastUpdateTimeNanos=8366560568999}
2025-04-11T22:40:09.834+02:00  INFO 24876 --- [booking-service] [ngodb.net:27017] org.mongodb.driver.cluster               : Discovered replica set primary ac-uzooj7l-shard-00-02.aysoug6.mongodb.net:27017 with max election id 7fffffff0000000000000330 and max set version 291
2025-04-11T22:40:10.036+02:00  INFO 24876 --- [booking-service] [           main] o.s.v.b.OptionalValidatorFactoryBean     : Failed to set up a Bean Validation provider: jakarta.validation.NoProviderFoundException: Unable to create a Configuration, because no Jakarta Bean Validation provider could be found. Add a provider like Hibernate Validator (RI) to your classpath.
2025-04-11T22:40:10.427+02:00  INFO 24876 --- [booking-service] [           main] o.s.a.r.c.CachingConnectionFactory       : Attempting to connect to: [localhost:5672]
2025-04-11T22:40:10.435+02:00  INFO 24876 --- [booking-service] [           main] o.s.a.r.l.SimpleMessageListenerContainer : Broker not available; cannot force queue declarations during start: java.net.ConnectException: Connection refused: no further information
2025-04-11T22:40:10.444+02:00  INFO 24876 --- [booking-service] [ntContainer#0-1] o.s.a.r.c.CachingConnectionFactory       : Attempting to connect to: [localhost:5672]
2025-04-11T22:40:10.446+02:00 ERROR 24876 --- [booking-service] [ntContainer#0-1] o.s.a.r.l.SimpleMessageListenerContainer : Failed to check/redeclare auto-delete queue(s).

org.springframework.amqp.AmqpConnectException: java.net.ConnectException: Connection refused: no further information
	at org.springframework.amqp.rabbit.support.RabbitExceptionTranslator.convertRabbitAccessException(RabbitExceptionTranslator.java:61) ~[spring-rabbit-3.2.4.jar:3.2.4]
	at org.springframework.amqp.rabbit.connection.AbstractConnectionFactory.createBareConnection(AbstractConnectionFactory.java:632) ~[spring-rabbit-3.2.4.jar:3.2.4]
	at org.springframework.amqp.rabbit.connection.CachingConnectionFactory.createConnection(CachingConnectionFactory.java:726) ~[spring-rabbit-3.2.4.jar:3.2.4]
	at org.springframework.amqp.rabbit.connection.ConnectionFactoryUtils.createConnection(ConnectionFactoryUtils.java:257) ~[spring-rabbit-3.2.4.jar:3.2.4]
	at org.springframework.amqp.rabbit.core.RabbitTemplate.doExecute(RabbitTemplate.java:2262) ~[spring-rabbit-3.2.4.jar:3.2.4]
	at org.springframework.amqp.rabbit.core.RabbitTemplate.execute(RabbitTemplate.java:2235) ~[spring-rabbit-3.2.4.jar:3.2.4]
	at org.springframework.amqp.rabbit.core.RabbitTemplate.execute(RabbitTemplate.java:2215) ~[spring-rabbit-3.2.4.jar:3.2.4]
	at org.springframework.amqp.rabbit.core.RabbitAdmin.getQueueInfo(RabbitAdmin.java:467) ~[spring-rabbit-3.2.4.jar:3.2.4]
	at org.springframework.amqp.rabbit.core.RabbitAdmin.getQueueProperties(RabbitAdmin.java:451) ~[spring-rabbit-3.2.4.jar:3.2.4]
	at org.springframework.amqp.rabbit.listener.AbstractMessageListenerContainer.attemptDeclarations(AbstractMessageListenerContainer.java:1972) ~[spring-rabbit-3.2.4.jar:3.2.4]
	at org.springframework.amqp.rabbit.listener.AbstractMessageListenerContainer.redeclareElementsIfNecessary(AbstractMessageListenerContainer.java:1936) ~[spring-rabbit-3.2.4.jar:3.2.4]
	at org.springframework.amqp.rabbit.listener.SimpleMessageListenerContainer$AsyncMessageProcessingConsumer.initialize(SimpleMessageListenerContainer.java:1481) ~[spring-rabbit-3.2.4.jar:3.2.4]
	at org.springframework.amqp.rabbit.listener.SimpleMessageListenerContainer$AsyncMessageProcessingConsumer.run(SimpleMessageListenerContainer.java:1322) ~[spring-rabbit-3.2.4.jar:3.2.4]
	at java.base/java.lang.Thread.run(Thread.java:842) ~[na:na]
Caused by: java.net.ConnectException: Connection refused: no further information
	at java.base/sun.nio.ch.Net.pollConnect(Native Method) ~[na:na]
	at java.base/sun.nio.ch.Net.pollConnectNow(Net.java:672) ~[na:na]
	at java.base/sun.nio.ch.NioSocketImpl.timedFinishConnect(NioSocketImpl.java:547) ~[na:na]
	at java.base/sun.nio.ch.NioSocketImpl.connect(NioSocketImpl.java:602) ~[na:na]
	at java.base/java.net.SocksSocketImpl.connect(SocksSocketImpl.java:327) ~[na:na]
	at java.base/java.net.Socket.connect(Socket.java:633) ~[na:na]
	at com.rabbitmq.client.impl.SocketFrameHandlerFactory.create(SocketFrameHandlerFactory.java:61) ~[amqp-client-5.22.0.jar:5.22.0]
	at com.rabbitmq.client.ConnectionFactory.newConnection(ConnectionFactory.java:1249) ~[amqp-client-5.22.0.jar:5.22.0]
	at com.rabbitmq.client.ConnectionFactory.newConnection(ConnectionFactory.java:1198) ~[amqp-client-5.22.0.jar:5.22.0]
	at org.springframework.amqp.rabbit.connection.AbstractConnectionFactory.connectAddresses(AbstractConnectionFactory.java:678) ~[spring-rabbit-3.2.4.jar:3.2.4]
	at org.springframework.amqp.rabbit.connection.AbstractConnectionFactory.connect(AbstractConnectionFactory.java:647) ~[spring-rabbit-3.2.4.jar:3.2.4]
	at org.springframework.amqp.rabbit.connection.AbstractConnectionFactory.createBareConnection(AbstractConnectionFactory.java:593) ~[spring-rabbit-3.2.4.jar:3.2.4]
	... 12 common frames omitted

2025-04-11T22:40:10.453+02:00  INFO 24876 --- [booking-service] [ntContainer#0-1] o.s.a.r.c.CachingConnectionFactory       : Attempting to connect to: [localhost:5672]
2025-04-11T22:40:10.462+02:00  INFO 24876 --- [booking-service] [           main] c.e.b.BookingServiceApplicationTests     : Started BookingServiceApplicationTests in 3.152 seconds (process running for 4.134)
]]></system-out>
  </testcase>
</testsuite>